This is pdfTeX, Version 3.141592653-2.6-1.40.27 (MiKTeX 25.4) (preloaded format=pdflatex 2025.8.12)  3 OCT 2025 18:44
entering extended mode
 restricted \write18 enabled.
 file:line:error style messages enabled.
 %&-line parsing enabled.
**"c:/Users/hecto/OneDrive/Desktop/Prog 3/latex/main.tex"
(c:/Users/hecto/OneDrive/Desktop/Prog 3/latex/main.tex
LaTeX2e <2025-06-01> patch level 1
L3 programming layer <2025-07-20>
(C:\Users\hecto\AppData\Local\Programs\MiKTeX\tex/latex/base\article.cls
Document Class: article 2025/01/22 v1.4n Standard LaTeX document class
(C:\Users\hecto\AppData\Local\Programs\MiKTeX\tex/latex/base\size11.clo
File: size11.clo 2025/01/22 v1.4n Standard LaTeX file (size option)
)
\c@part=\count275
\c@section=\count276
\c@subsection=\count277
\c@subsubsection=\count278
\c@paragraph=\count279
\c@subparagraph=\count280
\c@figure=\count281
\c@table=\count282
\abovecaptionskip=\skip49
\belowcaptionskip=\skip50
\bibindent=\dimen148
) (C:\Users\hecto\AppData\Local\Programs\MiKTeX\tex/latex/base\inputenc.sty
Package: inputenc 2024/02/08 v1.3d Input encoding file
\inpenc@prehook=\toks17
\inpenc@posthook=\toks18
) (C:\Users\hecto\AppData\Local\Programs\MiKTeX\tex/generic/babel\babel.sty
Package: babel 2025/08/03 v25.12 The multilingual framework for LuaLaTeX, pdfLaTeX and XeLaTeX
\babel@savecnt=\count283
LaTeX Encoding Info:    Redeclaring text command \ij (encoding OT1) on input line 2045.
LaTeX Encoding Info:    Redeclaring text command \IJ (encoding OT1) on input line 2047.
LaTeX Encoding Info:    Redeclaring text command \ij (encoding T1) on input line 2049.
LaTeX Encoding Info:    Redeclaring text command \IJ (encoding T1) on input line 2050.
LaTeX Encoding Info:    Ignoring declaration for text command \ij (encoding ?) on input line 2051.
LaTeX Encoding Info:    Ignoring declaration for text command \IJ (encoding ?) on input line 2053.
LaTeX Encoding Info:    Ignoring declaration for text command \SS (encoding ?) on input line 2078.
\U@D=\dimen149
\l@unhyphenated=\language79
 (C:\Users\hecto\AppData\Local\Programs\MiKTeX\tex/generic/babel\txtbabel.def)
\bbl@readstream=\read2
\bbl@dirlevel=\count284

*************************************
* Local config file bblopts.cfg used
*
(C:\Users\hecto\AppData\Local\Programs\MiKTeX\tex/latex/arabi\bblopts.cfg
File: bblopts.cfg 2005/09/08 v0.1 add Arabic and Farsi to "declared" options of babel
) (C:\Users\hecto\AppData\Local\Programs\MiKTeX\tex/latex/babel-spanish\spanish.ldf
Language: spanish.ldf 2021/05/27 v5.0q Spanish support from the babel system
 (C:\Users\hecto\AppData\Local\Programs\MiKTeX\tex/generic/babel/locale/es\babel-spanish.tex
Package babel Info: Importing font and identification data for spanish
(babel)             from babel-es.ini. Reported on input line 12.
)
\es@quottoks=\toks19
\es@quotdepth=\count285
Package babel Info: Making " an active character on input line 570.
Package babel Info: Making . an active character on input line 675.
Package babel Info: Making < an active character on input line 722.
Package babel Info: Making > an active character on input line 722.
))
LaTeX Encoding Info:    Redeclaring text command \guillemotleft (encoding OT1) on input line 4.
LaTeX Encoding Info:    Redeclaring text command \guillemotright (encoding OT1) on input line 4.
 (C:\Users\hecto\AppData\Local\Programs\MiKTeX\tex/latex/hyperref\hyperref.sty
Package: hyperref 2025-07-12 v7.01o Hypertext links for LaTeX
 (C:\Users\hecto\AppData\Local\Programs\MiKTeX\tex/generic/iftex\iftex.sty
Package: iftex 2024/12/12 v1.0g TeX engine tests
) (C:\Users\hecto\AppData\Local\Programs\MiKTeX\tex/latex/graphics\keyval.sty
Package: keyval 2022/05/29 v1.15 key=value parser (DPC)
\KV@toks@=\toks20
) (C:\Users\hecto\AppData\Local\Programs\MiKTeX\tex/latex/kvsetkeys\kvsetkeys.sty
Package: kvsetkeys 2022-10-05 v1.19 Key value parser (HO)
) (C:\Users\hecto\AppData\Local\Programs\MiKTeX\tex/generic/kvdefinekeys\kvdefinekeys.sty
Package: kvdefinekeys 2019-12-19 v1.6 Define keys (HO)
) (C:\Users\hecto\AppData\Local\Programs\MiKTeX\tex/generic/pdfescape\pdfescape.sty
Package: pdfescape 2019/12/09 v1.15 Implements pdfTeX's escape features (HO)
 (C:\Users\hecto\AppData\Local\Programs\MiKTeX\tex/generic/ltxcmds\ltxcmds.sty
Package: ltxcmds 2023-12-04 v1.26 LaTeX kernel commands for general use (HO)
) (C:\Users\hecto\AppData\Local\Programs\MiKTeX\tex/generic/pdftexcmds\pdftexcmds.sty
Package: pdftexcmds 2020-06-27 v0.33 Utility functions of pdfTeX for LuaTeX (HO)
 (C:\Users\hecto\AppData\Local\Programs\MiKTeX\tex/generic/infwarerr\infwarerr.sty
Package: infwarerr 2019/12/03 v1.5 Providing info/warning/error messages (HO)
)
Package pdftexcmds Info: \pdf@primitive is available.
Package pdftexcmds Info: \pdf@ifprimitive is available.
Package pdftexcmds Info: \pdfdraftmode found.
)) (C:\Users\hecto\AppData\Local\Programs\MiKTeX\tex/latex/hycolor\hycolor.sty
Package: hycolor 2020-01-27 v1.10 Color options for hyperref/bookmark (HO)
) (C:\Users\hecto\AppData\Local\Programs\MiKTeX\tex/latex/hyperref\nameref.sty
Package: nameref 2025-06-21 v2.57 Cross-referencing by name of section
 (C:\Users\hecto\AppData\Local\Programs\MiKTeX\tex/latex/refcount\refcount.sty
Package: refcount 2019/12/15 v3.6 Data extraction from label references (HO)
) (C:\Users\hecto\AppData\Local\Programs\MiKTeX\tex/generic/gettitlestring\gettitlestring.sty
Package: gettitlestring 2019/12/15 v1.6 Cleanup title references (HO)
 (C:\Users\hecto\AppData\Local\Programs\MiKTeX\tex/latex/kvoptions\kvoptions.sty
Package: kvoptions 2022-06-15 v3.15 Key value format for package options (HO)
))
\c@section@level=\count286
) (C:\Users\hecto\AppData\Local\Programs\MiKTeX\tex/latex/etoolbox\etoolbox.sty
Package: etoolbox 2025/02/11 v2.5l e-TeX tools for LaTeX (JAW)
\etb@tempcnta=\count287
) (C:\Users\hecto\AppData\Local\Programs\MiKTeX\tex/generic/stringenc\stringenc.sty
Package: stringenc 2019/11/29 v1.12 Convert strings between diff. encodings (HO)
)
\@linkdim=\dimen150
\Hy@linkcounter=\count288
\Hy@pagecounter=\count289
 (C:\Users\hecto\AppData\Local\Programs\MiKTeX\tex/latex/hyperref\pd1enc.def
File: pd1enc.def 2025-07-12 v7.01o Hyperref: PDFDocEncoding definition (HO)
Now handling font encoding PD1 ...
... no UTF-8 mapping file for font encoding PD1
) (C:\Users\hecto\AppData\Local\Programs\MiKTeX\tex/generic/intcalc\intcalc.sty
Package: intcalc 2019/12/15 v1.3 Expandable calculations with integers (HO)
)
\Hy@SavedSpaceFactor=\count290
 (C:\Users\hecto\AppData\Local\Programs\MiKTeX\tex/latex/hyperref\puenc.def
File: puenc.def 2025-07-12 v7.01o Hyperref: PDF Unicode definition (HO)
Now handling font encoding PU ...
... no UTF-8 mapping file for font encoding PU
)
Package hyperref Info: Option `unicode' set `true' on input line 4066.
Package hyperref Info: Hyper figures OFF on input line 4195.
Package hyperref Info: Link nesting OFF on input line 4200.
Package hyperref Info: Hyper index ON on input line 4203.
Package hyperref Info: Plain pages OFF on input line 4210.
Package hyperref Info: Backreferencing OFF on input line 4215.
Package hyperref Info: Implicit mode ON; LaTeX internals redefined.
Package hyperref Info: Bookmarks ON on input line 4462.
\c@Hy@tempcnt=\count291
 (C:\Users\hecto\AppData\Local\Programs\MiKTeX\tex/latex/url\url.sty
\Urlmuskip=\muskip17
Package: url 2013/09/16  ver 3.4  Verb mode for urls, etc.
)
LaTeX Info: Redefining \url on input line 4801.
\XeTeXLinkMargin=\dimen151
 (C:\Users\hecto\AppData\Local\Programs\MiKTeX\tex/generic/bitset\bitset.sty
Package: bitset 2019/12/09 v1.3 Handle bit-vector datatype (HO)
 (C:\Users\hecto\AppData\Local\Programs\MiKTeX\tex/generic/bigintcalc\bigintcalc.sty
Package: bigintcalc 2019/12/15 v1.5 Expandable calculations on big integers (HO)
))
\Fld@menulength=\count292
\Field@Width=\dimen152
\Fld@charsize=\dimen153
Package hyperref Info: Hyper figures OFF on input line 6078.
Package hyperref Info: Link nesting OFF on input line 6083.
Package hyperref Info: Hyper index ON on input line 6086.
Package hyperref Info: backreferencing OFF on input line 6093.
Package hyperref Info: Link coloring OFF on input line 6098.
Package hyperref Info: Link coloring with OCG OFF on input line 6103.
Package hyperref Info: PDF/A mode OFF on input line 6108.
\Hy@abspage=\count293
\c@Item=\count294
\c@Hfootnote=\count295
)
Package hyperref Info: Driver (autodetected): hpdftex.
 (C:\Users\hecto\AppData\Local\Programs\MiKTeX\tex/latex/hyperref\hpdftex.def
File: hpdftex.def 2025-07-12 v7.01o Hyperref driver for pdfTeX
\Fld@listcount=\count296
\c@bookmark@seq@number=\count297
 (C:\Users\hecto\AppData\Local\Programs\MiKTeX\tex/latex/rerunfilecheck\rerunfilecheck.sty
Package: rerunfilecheck 2025-06-21 v1.11 Rerun checks for auxiliary files (HO)
 (C:\Users\hecto\AppData\Local\Programs\MiKTeX\tex/generic/uniquecounter\uniquecounter.sty
Package: uniquecounter 2019/12/15 v1.4 Provide unlimited unique counter (HO)
)
Package uniquecounter Info: New unique counter `rerunfilecheck' on input line 284.
)
\Hy@SectionHShift=\skip51
)
Package hyperref Info: Option `colorlinks' set `true' on input line 12.
Package hyperref Info: Option `breaklinks' set `true' on input line 12.
 (C:\Users\hecto\AppData\Local\Programs\MiKTeX\tex/latex/graphics\graphicx.sty
Package: graphicx 2024/12/31 v1.2e Enhanced LaTeX Graphics (DPC,SPQR)
 (C:\Users\hecto\AppData\Local\Programs\MiKTeX\tex/latex/graphics\graphics.sty
Package: graphics 2024/08/06 v1.4g Standard LaTeX Graphics (DPC,SPQR)
 (C:\Users\hecto\AppData\Local\Programs\MiKTeX\tex/latex/graphics\trig.sty
Package: trig 2023/12/02 v1.11 sin cos tan (DPC)
) (C:\Users\hecto\AppData\Local\Programs\MiKTeX\tex/latex/graphics-cfg\graphics.cfg
File: graphics.cfg 2016/06/04 v1.11 sample graphics configuration
)
Package graphics Info: Driver file: pdftex.def on input line 106.
 (C:\Users\hecto\AppData\Local\Programs\MiKTeX\tex/latex/graphics-def\pdftex.def
File: pdftex.def 2024/04/13 v1.2c Graphics/color driver for pdftex
))
\Gin@req@height=\dimen154
\Gin@req@width=\dimen155
) (C:\Users\hecto\AppData\Local\Programs\MiKTeX\tex/latex/geometry\geometry.sty
Package: geometry 2020/01/02 v5.9 Page Geometry
 (C:\Users\hecto\AppData\Local\Programs\MiKTeX\tex/generic/iftex\ifvtex.sty
Package: ifvtex 2019/10/25 v1.7 ifvtex legacy package. Use iftex instead.
)
\Gm@cnth=\count298
\Gm@cntv=\count299
\c@Gm@tempcnt=\count300
\Gm@bindingoffset=\dimen156
\Gm@wd@mp=\dimen157
\Gm@odd@mp=\dimen158
\Gm@even@mp=\dimen159
\Gm@layoutwidth=\dimen160
\Gm@layoutheight=\dimen161
\Gm@layouthoffset=\dimen162
\Gm@layoutvoffset=\dimen163
\Gm@dimlist=\toks21
 (C:\Users\hecto\AppData\Local\Programs\MiKTeX\tex/latex/geometry\geometry.cfg)) (C:\Users\hecto\AppData\Local\Programs\MiKTeX\tex/latex/multirow\multirow.sty
Package: multirow 2024/11/12 v2.9 Span multiple rows of a table
\multirow@colwidth=\skip52
\multirow@cntb=\count301
\multirow@dima=\skip53
\bigstrutjot=\dimen164
) (C:\Users\hecto\AppData\Local\Programs\MiKTeX\tex/latex/listings\listings.sty
\lst@mode=\count302
\lst@gtempboxa=\box53
\lst@token=\toks22
\lst@length=\count303
\lst@currlwidth=\dimen165
\lst@column=\count304
\lst@pos=\count305
\lst@lostspace=\dimen166
\lst@width=\dimen167
\lst@newlines=\count306
\lst@lineno=\count307
\lst@maxwidth=\dimen168
 (C:\Users\hecto\AppData\Local\Programs\MiKTeX\tex/latex/listings\lstpatch.sty
File: lstpatch.sty 2024/09/23 1.10c (Carsten Heinz)
) (C:\Users\hecto\AppData\Local\Programs\MiKTeX\tex/latex/listings\lstmisc.sty
File: lstmisc.sty 2024/09/23 1.10c (Carsten Heinz)
\c@lstnumber=\count308
\lst@skipnumbers=\count309
\lst@framebox=\box54
) (C:\Users\hecto\AppData\Local\Programs\MiKTeX\tex/latex/listings\listings.cfg
File: listings.cfg 2024/09/23 1.10c listings configuration
))
Package: listings 2024/09/23 1.10c (Carsten Heinz)
 (C:\Users\hecto\AppData\Local\Programs\MiKTeX\tex/latex/appendix\appendix.sty
Package: appendix 2020/02/08 v1.2c extra appendix facilities
\c@@pps=\count310
\c@@ppsavesec=\count311
\c@@ppsaveapp=\count312
) (C:\Users\hecto\AppData\Local\Programs\MiKTeX\tex/latex/cleveref\cleveref.sty
Package: cleveref 2018/03/27 v0.21.4 Intelligent cross-referencing
Package cleveref Info: `hyperref' support loaded on input line 2370.
LaTeX Info: Redefining \cref on input line 2370.
LaTeX Info: Redefining \Cref on input line 2370.
LaTeX Info: Redefining \crefrange on input line 2370.
LaTeX Info: Redefining \Crefrange on input line 2370.
LaTeX Info: Redefining \cpageref on input line 2370.
LaTeX Info: Redefining \Cpageref on input line 2370.
LaTeX Info: Redefining \cpagerefrange on input line 2370.
LaTeX Info: Redefining \Cpagerefrange on input line 2370.
LaTeX Info: Redefining \labelcref on input line 2370.
LaTeX Info: Redefining \labelcpageref on input line 2370.
Package cleveref Info: `listings' support loaded on input line 3131.
)
==> First Aid for cleveref.sty applied!
(C:\Users\hecto\AppData\Local\Programs\MiKTeX\tex/latex/float\float.sty
Package: float 2001/11/08 v1.3d Float enhancements (AL)
\c@float@type=\count313
\float@exts=\toks23
\float@box=\box55
\@float@everytoks=\toks24
\@floatcapt=\box56
) (C:\Users\hecto\AppData\Local\Programs\MiKTeX\tex/latex/booktabs\booktabs.sty
Package: booktabs 2020/01/12 v1.61803398 Publication quality tables
\heavyrulewidth=\dimen169
\lightrulewidth=\dimen170
\cmidrulewidth=\dimen171
\belowrulesep=\dimen172
\belowbottomsep=\dimen173
\aboverulesep=\dimen174
\abovetopsep=\dimen175
\cmidrulesep=\dimen176
\cmidrulekern=\dimen177
\defaultaddspace=\dimen178
\@cmidla=\count314
\@cmidlb=\count315
\@aboverulesep=\dimen179
\@belowrulesep=\dimen180
\@thisruleclass=\count316
\@lastruleclass=\count317
\@thisrulewidth=\dimen181
) (C:\Users\hecto\AppData\Local\Programs\MiKTeX\tex/latex/tools\multicol.sty
Package: multicol 2025/05/25 v2.0a multicolumn formatting (FMi)
\c@tracingmulticols=\count318
\mult@box=\box57
\multicol@leftmargin=\dimen182
\c@unbalance=\count319
\c@collectmore=\count320
\doublecol@number=\count321
\multicoltolerance=\count322
\multicolpretolerance=\count323
\full@width=\dimen183
\page@free=\dimen184
\premulticols=\dimen185
\postmulticols=\dimen186
\multicolsep=\skip54
\multicolbaselineskip=\skip55
\partial@page=\box58
\last@line=\box59
\mc@boxedresult=\box60
\maxbalancingoverflow=\dimen187
\mult@rightbox=\box61
\mult@grightbox=\box62
\mult@firstbox=\box63
\mult@gfirstbox=\box64
\@tempa=\box65
\@tempa=\box66
\@tempa=\box67
\@tempa=\box68
\@tempa=\box69
\@tempa=\box70
\@tempa=\box71
\@tempa=\box72
\@tempa=\box73
\@tempa=\box74
\@tempa=\box75
\@tempa=\box76
\@tempa=\box77
\@tempa=\box78
\@tempa=\box79
\@tempa=\box80
\@tempa=\box81
\@tempa=\box82
\@tempa=\box83
\@tempa=\box84
\@tempa=\box85
\@tempa=\box86
\@tempa=\box87
\@tempa=\box88
\@tempa=\box89
\@tempa=\box90
\@tempa=\box91
\@tempa=\box92
\@tempa=\box93
\@tempa=\box94
\@tempa=\box95
\@tempa=\box96
\@tempa=\box97
\@tempa=\box98
\@tempa=\box99
\@tempa=\box100
\c@minrows=\count324
\c@columnbadness=\count325
\c@finalcolumnbadness=\count326
\last@try=\dimen188
\multicolovershoot=\dimen189
\multicolundershoot=\dimen190
\mult@nat@firstbox=\box101
\colbreak@box=\box102
\mc@col@check@num=\count327
\g__mc_curr_col_int=\count328
) (C:\Users\hecto\AppData\Local\Programs\MiKTeX\tex/latex/caption\caption.sty
Package: caption 2023/08/05 v3.6o Customizing captions (AR)
 (C:\Users\hecto\AppData\Local\Programs\MiKTeX\tex/latex/caption\caption3.sty
Package: caption3 2023/07/31 v2.4d caption3 kernel (AR)
\caption@tempdima=\dimen191
\captionmargin=\dimen192
\caption@leftmargin=\dimen193
\caption@rightmargin=\dimen194
\caption@width=\dimen195
\caption@indent=\dimen196
\caption@parindent=\dimen197
\caption@hangindent=\dimen198
Package caption Info: Standard document class detected.
)
\c@caption@flags=\count329
\c@continuedfloat=\count330
Package caption Info: float package is loaded.
Package caption Info: hyperref package is loaded.
Package caption Info: listings package is loaded.
) (C:\Users\hecto\AppData\Local\Programs\MiKTeX\tex/latex/xcolor\xcolor.sty
Package: xcolor 2024/09/29 v3.02 LaTeX color extensions (UK)
 (C:\Users\hecto\AppData\Local\Programs\MiKTeX\tex/latex/graphics-cfg\color.cfg
File: color.cfg 2016/01/02 v1.6 sample color configuration
)
Package xcolor Info: Driver file: pdftex.def on input line 274.
 (C:\Users\hecto\AppData\Local\Programs\MiKTeX\tex/latex/graphics\mathcolor.ltx)
Package xcolor Info: Model `cmy' substituted by `cmy0' on input line 1349.
Package xcolor Info: Model `hsb' substituted by `rgb' on input line 1353.
Package xcolor Info: Model `RGB' extended on input line 1365.
Package xcolor Info: Model `HTML' substituted by `rgb' on input line 1367.
Package xcolor Info: Model `Hsb' substituted by `hsb' on input line 1368.
Package xcolor Info: Model `tHsb' substituted by `hsb' on input line 1369.
Package xcolor Info: Model `HSB' substituted by `hsb' on input line 1370.
Package xcolor Info: Model `Gray' substituted by `gray' on input line 1371.
Package xcolor Info: Model `wave' substituted by `hsb' on input line 1372.
) (C:\Users\hecto\AppData\Local\Programs\MiKTeX\tex/latex/l3backend\l3backend-pdftex.def
File: l3backend-pdftex.def 2025-06-09 L3 backend support: PDF output (pdfTeX)
\l__color_backend_stack_int=\count331
) (main.aux
LaTeX Info: Redefining \. on input line 11.
LaTeX Info: Redefining \% on input line 11.
Package babel Info: 'spanish' activates 'spanish' shorthands.
(babel)             Reported on input line 11.
)
\openout1 = `main.aux'.

LaTeX Font Info:    Checking defaults for OML/cmm/m/it on input line 61.
LaTeX Font Info:    ... okay on input line 61.
LaTeX Font Info:    Checking defaults for OMS/cmsy/m/n on input line 61.
LaTeX Font Info:    ... okay on input line 61.
LaTeX Font Info:    Checking defaults for OT1/cmr/m/n on input line 61.
LaTeX Font Info:    ... okay on input line 61.
LaTeX Font Info:    Checking defaults for T1/cmr/m/n on input line 61.
LaTeX Font Info:    ... okay on input line 61.
LaTeX Font Info:    Checking defaults for TS1/cmr/m/n on input line 61.
LaTeX Font Info:    ... okay on input line 61.
LaTeX Font Info:    Checking defaults for OMX/cmex/m/n on input line 61.
LaTeX Font Info:    ... okay on input line 61.
LaTeX Font Info:    Checking defaults for U/cmr/m/n on input line 61.
LaTeX Font Info:    ... okay on input line 61.
LaTeX Font Info:    Checking defaults for PD1/pdf/m/n on input line 61.
LaTeX Font Info:    ... okay on input line 61.
LaTeX Font Info:    Checking defaults for PU/pdf/m/n on input line 61.
LaTeX Font Info:    ... okay on input line 61.
LaTeX Info: Redefining \. on input line 61.
LaTeX Info: Redefining \% on input line 61.
Package hyperref Info: Link coloring ON on input line 61.
 (main.out) (main.out)
\@outlinefile=\write3
\openout3 = `main.out'.

 (C:\Users\hecto\AppData\Local\Programs\MiKTeX\tex/context/base/mkii\supp-pdf.mkii
[Loading MPS to PDF converter (version 2006.09.02).]
\scratchcounter=\count332
\scratchdimen=\dimen199
\scratchbox=\box103
\nofMPsegments=\count333
\nofMParguments=\count334
\everyMPshowfont=\toks25
\MPscratchCnt=\count335
\MPscratchDim=\dimen256
\MPnumerator=\count336
\makeMPintoPDFobject=\count337
\everyMPtoPDFconversion=\toks26
) (C:\Users\hecto\AppData\Local\Programs\MiKTeX\tex/latex/epstopdf-pkg\epstopdf-base.sty
Package: epstopdf-base 2020-01-24 v2.11 Base part for package epstopdf
Package epstopdf-base Info: Redefining graphics rule for `.eps' on input line 485.
 (C:\Users\hecto\AppData\Local\Programs\MiKTeX\tex/latex/00miktex\epstopdf-sys.cfg
File: epstopdf-sys.cfg 2021/03/18 v2.0 Configuration of epstopdf for MiKTeX
))
*geometry* driver: auto-detecting
*geometry* detected driver: pdftex
*geometry* verbose mode - [ preamble ] result:
* driver: pdftex
* paper: a4paper
* layout: <same size as paper>
* layoutoffset:(h,v)=(0.0pt,0.0pt)
* modes: 
* h-part:(L,W,R)=(56.9055pt, 483.69687pt, 56.9055pt)
* v-part:(T,H,B)=(56.9055pt, 731.23584pt, 56.9055pt)
* \paperwidth=597.50787pt
* \paperheight=845.04684pt
* \textwidth=483.69687pt
* \textheight=731.23584pt
* \oddsidemargin=-15.36449pt
* \evensidemargin=-15.36449pt
* \topmargin=-52.36449pt
* \headheight=12.0pt
* \headsep=25.0pt
* \topskip=11.0pt
* \footskip=30.0pt
* \marginparwidth=59.0pt
* \marginparsep=10.0pt
* \columnsep=10.0pt
* \skip\footins=10.0pt plus 4.0pt minus 2.0pt
* \hoffset=0.0pt
* \voffset=0.0pt
* \mag=1000
* \@twocolumnfalse
* \@twosidefalse
* \@mparswitchfalse
* \@reversemarginfalse
* (1in=72.27pt=25.4mm, 1cm=28.453pt)

\c@lstlisting=\count338
Package caption Info: Begin \AtBeginDocument code.
Package caption Info: End \AtBeginDocument code.
LaTeX Font Info:    External font `cmex10' loaded for size
(Font)              <6> on input line 76.
LaTeX Font Info:    External font `cmex10' loaded for size
(Font)              <5> on input line 76.
<./anexos/isologotipo-para-fondo-blanco.png, id=139, 602.25pt x 602.25pt>
File: ./anexos/isologotipo-para-fondo-blanco.png Graphic file (type png)
<use ./anexos/isologotipo-para-fondo-blanco.png>
Package pdftex.def Info: ./anexos/isologotipo-para-fondo-blanco.png  used on input line 76.
(pdftex.def)             Requested size: 42.67912pt x 42.67642pt.

Overfull \vbox (7.67642pt too high) detected at line 76
 []


Underfull \hbox (badness 10000) in paragraph at lines 77--87

 []



[1

{C:/Users/hecto/AppData/Local/MiKTeX/fonts/map/pdftex/pdftex.map} <./anexos/isologotipo-para-fondo-blanco.png>] (main.toc
LaTeX Info: Redefining \. on input line 1.
LaTeX Info: Redefining \% on input line 1.
Package cleveref Info: loaded `spanish' language definitions on input line 1.
LaTeX Font Info:    External font `cmex10' loaded for size
(Font)              <10.95> on input line 5.
LaTeX Font Info:    External font `cmex10' loaded for size
(Font)              <8> on input line 5.
)
\tf@toc=\write4
\openout4 = `main.toc'.



[2]
Underfull \hbox (badness 1248) in paragraph at lines 136--137
 []\OT1/cmr/bx/n/10.95 dateparser[] \OT1/cmr/m/n/10.95 com-ple-men-ta lo an-te-rior al in-ter-pre-tar ex-pre-sio-nes en len-gua-je na-tu-ral (\hoy",
 []



[3]
LaTeX Font Info:    Font shape `OT1/cmtt/bx/n' in size <10.95> not available
(Font)              Font shape `OT1/cmtt/m/n' tried instead on input line 152.


[4]
Overfull \hbox (4.70274pt too wide) in paragraph at lines 174--175
\OT1/cmr/m/n/10.95 lo sim-ple: dos cla-ses se co-no-cen pe-ro pue-den exis-tir por se-pa-ra-do (p.ej., \OT1/cmtt/m/n/10.95 Compra \OT1/cmr/m/n/10.95 con \OT1/cmtt/m/n/10.95 Cliente\OT1/cmr/m/n/10.95 /\OT1/cmtt/m/n/10.95 Vendedor\OT1/cmr/m/n/10.95 ).
 []



[5]
<./anexos/UML INICIAL.png, id=234, 425.33907pt x 579.66562pt>
File: ./anexos/UML INICIAL.png Graphic file (type png)
<use ./anexos/UML INICIAL.png>
Package pdftex.def Info: ./anexos/UML INICIAL.png  used on input line 219.
(pdftex.def)             Requested size: 241.84843pt x 329.59909pt.


[6 <./anexos/UML INICIAL.png>]
Overfull \hbox (14.5233pt too wide) in paragraph at lines 242--244
\OT1/cmr/m/n/10.95 to JSON Li-nes en \OT1/cmtt/m/n/10.95 ./db \OT1/cmr/m/n/10.95 (\OT1/cmtt/m/n/10.95 dbProductos.txt\OT1/cmr/m/n/10.95 , \OT1/cmtt/m/n/10.95 dbClientes.txt\OT1/cmr/m/n/10.95 , \OT1/cmtt/m/n/10.95 dbVendedores.txt\OT1/cmr/m/n/10.95 , \OT1/cmtt/m/n/10.95 dbCompras.txt\OT1/cmr/m/n/10.95 ).
 []



[7]
<./anexos/Diagrama UML Final.jpg, id=251, 1096.84781pt x 1090.0725pt>
File: ./anexos/Diagrama UML Final.jpg Graphic file (type jpg)
<use ./anexos/Diagrama UML Final.jpg>
Package pdftex.def Info: ./anexos/Diagrama UML Final.jpg  used on input line 301.
(pdftex.def)             Requested size: 406.30359pt x 403.78624pt.


[8 <./anexos/Diagrama UML Final.jpg>] (C:\Users\hecto\AppData\Local\Programs\MiKTeX\tex/latex/listings\lstlang1.sty
File: lstlang1.sty 2024/09/23 1.10c listings language file
)

[9]
Underfull \hbox (badness 3503) in paragraph at lines 376--377
[]\OT1/cmr/m/n/10.95 Comparaci^^Son de \OT1/cmtt/m/n/10.95 getTotal() \OT1/cmr/m/n/10.95 vs
 []



[10] (main.bbl)

[11]
Package hyperref Info: bookmark level for unknown lstlisting defaults to 0 on input line 429.
 (anexos/codigo.py

[12]

[13]

[14]

[15]

[16]

[17]

[18]

[19]

[20]

[21]

[22]

[23]

[24]
LaTeX Font Info:    External font `cmex10' loaded for size
(Font)              <7> on input line 819.


[25]

[26]

[27]

[28]

[29]

[30]

[31]

[32]

[33]

[34])

[35]
<./anexos/evidencias/menuPrincipal.png, id=1807, 286.82156pt x 274.02374pt>
File: ./anexos/evidencias/menuPrincipal.png Graphic file (type png)
<use ./anexos/evidencias/menuPrincipal.png>
Package pdftex.def Info: ./anexos/evidencias/menuPrincipal.png  used on input line 438.
(pdftex.def)             Requested size: 118.42421pt x 113.13654pt.
<./anexos/evidencias/crearCliente.png, id=1808, 258.9675pt x 366.61969pt>
File: ./anexos/evidencias/crearCliente.png Graphic file (type png)
<use ./anexos/evidencias/crearCliente.png>
Package pdftex.def Info: ./anexos/evidencias/crearCliente.png  used on input line 445.
(pdftex.def)             Requested size: 118.42421pt x 167.65134pt.
<./anexos/evidencias/crearVendedor.png, id=1809, 252.945pt x 390.70969pt>
File: ./anexos/evidencias/crearVendedor.png Graphic file (type png)
<use ./anexos/evidencias/crearVendedor.png>
Package pdftex.def Info: ./anexos/evidencias/crearVendedor.png  used on input line 452.
(pdftex.def)             Requested size: 118.42421pt x 182.92412pt.
<./anexos/evidencias/crearProducto.png, id=1810, 255.20343pt x 399.74344pt>
File: ./anexos/evidencias/crearProducto.png Graphic file (type png)
<use ./anexos/evidencias/crearProducto.png>
Package pdftex.def Info: ./anexos/evidencias/crearProducto.png  used on input line 459.
(pdftex.def)             Requested size: 118.42421pt x 185.5006pt.
<./anexos/evidencias/listadoClientes.png, id=1811, 219.06844pt x 420.82219pt>
File: ./anexos/evidencias/listadoClientes.png Graphic file (type png)
<use ./anexos/evidencias/listadoClientes.png>
Package pdftex.def Info: ./anexos/evidencias/listadoClientes.png  used on input line 466.
(pdftex.def)             Requested size: 118.42421pt x 227.49101pt.
<./anexos/evidencias/listadoVendedores.png, id=1812, 234.1247pt x 446.41782pt>
File: ./anexos/evidencias/listadoVendedores.png Graphic file (type png)
<use ./anexos/evidencias/listadoVendedores.png>
Package pdftex.def Info: ./anexos/evidencias/listadoVendedores.png  used on input line 473.
(pdftex.def)             Requested size: 118.42421pt x 225.81046pt.
<./anexos/evidencias/listadoProductos.png, id=1813, 244.66406pt x 531.48563pt>
File: ./anexos/evidencias/listadoProductos.png Graphic file (type png)
<use ./anexos/evidencias/listadoProductos.png>
Package pdftex.def Info: ./anexos/evidencias/listadoProductos.png  used on input line 480.
(pdftex.def)             Requested size: 118.42421pt x 257.2593pt.






[36 <./anexos/evidencias/menuPrincipal.png> <./anexos/evidencias/crearCliente.png> <./anexos/evidencias/crearVendedor.png> <./anexos/evidencias/crearProducto.png> <./anexos/evidencias/listadoClientes.png>]
<./anexos/evidencias/crearCompra1.png, id=1828, 313.9228pt x 533.74406pt>
File: ./anexos/evidencias/crearCompra1.png Graphic file (type png)
<use ./anexos/evidencias/crearCompra1.png>
Package pdftex.def Info: ./anexos/evidencias/crearCompra1.png  used on input line 487.
(pdftex.def)             Requested size: 118.42421pt x 201.34259pt.
<./anexos/evidencias/crearCompra2.png, id=1829, 197.23688pt x 599.99156pt>
File: ./anexos/evidencias/crearCompra2.png Graphic file (type png)
<use ./anexos/evidencias/crearCompra2.png>
Package pdftex.def Info: ./anexos/evidencias/crearCompra2.png  used on input line 494.
(pdftex.def)             Requested size: 118.42421pt x 360.2449pt.
<./anexos/evidencias/listadoCompra.png, id=1830, 286.82156pt x 527.72156pt>
File: ./anexos/evidencias/listadoCompra.png Graphic file (type png)
<use ./anexos/evidencias/listadoCompra.png>
Package pdftex.def Info: ./anexos/evidencias/listadoCompra.png  used on input line 501.
(pdftex.def)             Requested size: 118.42421pt x 217.88109pt.
<./anexos/evidencias/suspenderCompra.png, id=1831, 228.855pt x 176.91093pt>
File: ./anexos/evidencias/suspenderCompra.png Graphic file (type png)
<use ./anexos/evidencias/suspenderCompra.png>
Package pdftex.def Info: ./anexos/evidencias/suspenderCompra.png  used on input line 508.
(pdftex.def)             Requested size: 118.42421pt x 91.5461pt.






[37 <./anexos/evidencias/listadoVendedores.png> <./anexos/evidencias/listadoProductos.png> <./anexos/evidencias/crearCompra1.png> <./anexos/evidencias/crearCompra2.png>]
<./anexos/evidencias/borrarProducto.png, id=1845, 188.95593pt x 534.49687pt>
File: ./anexos/evidencias/borrarProducto.png Graphic file (type png)
<use ./anexos/evidencias/borrarProducto.png>
Package pdftex.def Info: ./anexos/evidencias/borrarProducto.png  used on input line 515.
(pdftex.def)             Requested size: 118.42421pt x 334.98132pt.
<./anexos/evidencias/eliminarCliente.png, id=1846, 187.45032pt x 544.28343pt>
File: ./anexos/evidencias/eliminarCliente.png Graphic file (type png)
<use ./anexos/evidencias/eliminarCliente.png>
Package pdftex.def Info: ./anexos/evidencias/eliminarCliente.png  used on input line 522.
(pdftex.def)             Requested size: 118.42421pt x 343.86377pt.
<./anexos/evidencias/eliminarVendedor.png, id=1847, 194.97844pt x 570.63188pt>
File: ./anexos/evidencias/eliminarVendedor.png Graphic file (type png)
<use ./anexos/evidencias/eliminarVendedor.png>
Package pdftex.def Info: ./anexos/evidencias/eliminarVendedor.png  used on input line 529.
(pdftex.def)             Requested size: 118.42421pt x 346.58731pt.






[38 <./anexos/evidencias/listadoCompra.png> <./anexos/evidencias/suspenderCompra.png> <./anexos/evidencias/borrarProducto.png>]





(anexos/evidencias/dbClientes.txt) (anexos/evidencias/dbCompras.txt) (anexos/evidencias/dbVendedores.txt) (anexos/evidencias/dbProductos.txt

[39 <./anexos/evidencias/eliminarCliente.png> <./anexos/evidencias/eliminarVendedor.png>])

[40] (main.aux
LaTeX Info: Redefining \. on input line 11.
LaTeX Info: Redefining \% on input line 11.
Package cleveref Info: loaded `spanish' language definitions on input line 11.
)
 ***********
LaTeX2e <2025-06-01> patch level 1
L3 programming layer <2025-07-20>
 ***********
Package rerunfilecheck Info: File `main.out' has not changed.
(rerunfilecheck)             Checksum: FC4FDDFBA455C41E95E14874221D6D11;6117.
 ) 
Here is how much of TeX's memory you used:
 18242 strings out of 468134
 304870 string characters out of 5430740
 1448488 words of memory out of 5000000
 45128 multiletter control sequences out of 15000+600000
 632772 words of font info for 60 fonts, out of 8000000 for 9000
 1141 hyphenation exceptions out of 8191
 75i,16n,79p,2223b,4537s stack positions out of 10000i,1000n,20000p,200000b,200000s
 <C:\Users\hecto\AppData\Local\MiKTeX\fonts/pk/ljfour/jknappen/ec/dpi600\tcrm1095.pk><C:/Users/hecto/AppData/Local/Programs/MiKTeX/fonts/type1/public/amsfonts/cm/cmbx10.pfb><C:/Users/hecto/AppData/Local/Programs/MiKTeX/fonts/type1/public/amsfonts/cm/cmbx12.pfb><C:/Users/hecto/AppData/Local/Programs/MiKTeX/fonts/type1/public/amsfonts/cm/cmbxti10.pfb><C:/Users/hecto/AppData/Local/Programs/MiKTeX/fonts/type1/public/amsfonts/cm/cmmi10.pfb><C:/Users/hecto/AppData/Local/Programs/MiKTeX/fonts/type1/public/amsfonts/cm/cmr10.pfb><C:/Users/hecto/AppData/Local/Programs/MiKTeX/fonts/type1/public/amsfonts/cm/cmr6.pfb><C:/Users/hecto/AppData/Local/Programs/MiKTeX/fonts/type1/public/amsfonts/cm/cmsy10.pfb><C:/Users/hecto/AppData/Local/Programs/MiKTeX/fonts/type1/public/amsfonts/cm/cmsy6.pfb><C:/Users/hecto/AppData/Local/Programs/MiKTeX/fonts/type1/public/amsfonts/cm/cmti10.pfb><C:/Users/hecto/AppData/Local/Programs/MiKTeX/fonts/type1/public/amsfonts/cm/cmtt10.pfb>
Output written on main.pdf (40 pages, 1065534 bytes).
PDF statistics:
 2248 PDF objects out of 2487 (max. 8388607)
 1556 named destinations out of 1728 (max. 500000)
 358 words of extra memory for PDF output out of 10000 (max. 10000000)

